# JRE version: OpenJDK Runtime Environment Zulu13.37+21-CA (13.0.6+5) (build 13.0.6+5-MTS)
# Java VM: OpenJDK 64-Bit Server VM Zulu13.37+21-CA (13.0.6+5-MTS, mixed mode, tiered, compressed oops, g1 gc, bsd-aarch64)
Heap:
 garbage-first heap   total 100352K, used 49947K [0x0000000740000000, 0x00000007c0000000)
  region size 1024K, 26 young (26624K), 3 survivors (3072K)
 Metaspace       used 62019K, capacity 63434K, committed 63568K, reserved 1103872K
  class space    used 8056K, capacity 8590K, committed 8704K, reserved 1048576K
GC Heap History (20 events):
Event: 1.504 GC heap before
{Heap before GC invocations=13 (full 0):
 garbage-first heap   total 53248K, used 30090K [0x0000000740000000, 0x00000007c0000000)
  region size 1024K, 16 young (16384K), 1 survivors (1024K)
 Metaspace       used 34801K, capacity 35825K, committed 35888K, reserved 1081344K
  class space    used 4309K, capacity 4707K, committed 4736K, reserved 1048576K
}
Event: 1.506 GC heap after
{Heap after GC invocations=14 (full 0):
 garbage-first heap   total 68608K, used 16402K [0x0000000740000000, 0x00000007c0000000)
  region size 1024K, 1 young (1024K), 1 survivors (1024K)
 Metaspace       used 34801K, capacity 35825K, committed 35888K, reserved 1081344K
  class space    used 4309K, capacity 4707K, committed 4736K, reserved 1048576K
}
Event: 1.540 GC heap before
{Heap before GC invocations=15 (full 0):
 garbage-first heap   total 65536K, used 47122K [0x0000000740000000, 0x00000007c0000000)
  region size 1024K, 32 young (32768K), 1 survivors (1024K)
 Metaspace       used 35334K, capacity 36445K, committed 36528K, reserved 1081344K
  class space    used 4361K, capacity 4805K, committed 4864K, reserved 1048576K
}
Event: 1.542 GC heap after
{Heap after GC invocations=16 (full 0):
 garbage-first heap   total 65536K, used 16892K [0x0000000740000000, 0x00000007c0000000)
  region size 1024K, 1 young (1024K), 1 survivors (1024K)
 Metaspace       used 35334K, capacity 36445K, committed 36528K, reserved 1081344K
  class space    used 4361K, capacity 4805K, committed 4864K, reserved 1048576K
}
Event: 1.639 GC heap before
{Heap before GC invocations=16 (full 0):
 garbage-first heap   total 65536K, used 46588K [0x0000000740000000, 0x00000007c0000000)
  region size 1024K, 31 young (31744K), 1 survivors (1024K)
 Metaspace       used 37638K, capacity 38758K, committed 38832K, reserved 1083392K
  class space    used 4619K, capacity 5065K, committed 5120K, reserved 1048576K
}
Event: 1.642 GC heap after
{Heap after GC invocations=17 (full 0):
 garbage-first heap   total 65536K, used 17978K [0x0000000740000000, 0x00000007c0000000)
  region size 1024K, 2 young (2048K), 2 survivors (2048K)
 Metaspace       used 37638K, capacity 38758K, committed 38832K, reserved 1083392K
  class space    used 4619K, capacity 5065K, committed 5120K, reserved 1048576K
}
Event: 1.838 GC heap before
{Heap before GC invocations=17 (full 0):
 garbage-first heap   total 65536K, used 48698K [0x0000000740000000, 0x00000007c0000000)
  region size 1024K, 32 young (32768K), 2 survivors (2048K)
 Metaspace       used 44192K, capacity 45414K, committed 45488K, reserved 1089536K
  class space    used 5420K, capacity 5872K, committed 5888K, reserved 1048576K
}
Event: 1.841 GC heap after
{Heap after GC invocations=18 (full 0):
 garbage-first heap   total 65536K, used 21229K [0x0000000740000000, 0x00000007c0000000)
  region size 1024K, 4 young (4096K), 4 survivors (4096K)
 Metaspace       used 44192K, capacity 45414K, committed 45488K, reserved 1089536K
  class space    used 5420K, capacity 5872K, committed 5888K, reserved 1048576K
}
Event: 1.918 GC heap before
{Heap before GC invocations=18 (full 0):
 garbage-first heap   total 65536K, used 49901K [0x0000000740000000, 0x00000007c0000000)
  region size 1024K, 32 young (32768K), 4 survivors (4096K)
 Metaspace       used 47421K, capacity 48634K, committed 48944K, reserved 1091584K
  class space    used 6034K, capacity 6454K, committed 6528K, reserved 1048576K
}
Event: 1.921 GC heap after
{Heap after GC invocations=19 (full 0):
 garbage-first heap   total 81920K, used 22288K [0x0000000740000000, 0x00000007c0000000)
  region size 1024K, 1 young (1024K), 1 survivors (1024K)
 Metaspace       used 47421K, capacity 48634K, committed 48944K, reserved 1091584K
  class space    used 6034K, capacity 6454K, committed 6528K, reserved 1048576K
}
Event: 1.989 GC heap before
{Heap before GC invocations=19 (full 0):
 garbage-first heap   total 81920K, used 56080K [0x0000000740000000, 0x00000007c0000000)
  region size 1024K, 34 young (34816K), 1 survivors (1024K)
 Metaspace       used 49535K, capacity 50696K, committed 50992K, reserved 1093632K
  class space    used 6297K, capacity 6714K, committed 6784K, reserved 1048576K
}
Event: 1.990 GC heap after
{Heap after GC invocations=20 (full 0):
 garbage-first heap   total 81920K, used 22687K [0x0000000740000000, 0x00000007c0000000)
  region size 1024K, 2 young (2048K), 2 survivors (2048K)
 Metaspace       used 49535K, capacity 50696K, committed 50992K, reserved 1093632K
  class space    used 6297K, capacity 6714K, committed 6784K, reserved 1048576K
}
Event: 2.073 GC heap before
{Heap before GC invocations=20 (full 0):
 garbage-first heap   total 81920K, used 56479K [0x0000000740000000, 0x00000007c0000000)
  region size 1024K, 35 young (35840K), 2 survivors (2048K)
 Metaspace       used 52404K, capacity 53635K, committed 53680K, reserved 1095680K
  class space    used 6686K, capacity 7155K, committed 7168K, reserved 1048576K
}
Event: 2.076 GC heap after
{Heap after GC invocations=21 (full 0):
 garbage-first heap   total 81920K, used 23371K [0x0000000740000000, 0x00000007c0000000)
  region size 1024K, 3 young (3072K), 3 survivors (3072K)
 Metaspace       used 52404K, capacity 53635K, committed 53680K, reserved 1095680K
  class space    used 6686K, capacity 7155K, committed 7168K, reserved 1048576K
}
Event: 2.339 GC heap before
{Heap before GC invocations=21 (full 0):
 garbage-first heap   total 81920K, used 58187K [0x0000000740000000, 0x00000007c0000000)
  region size 1024K, 37 young (37888K), 3 survivors (3072K)
 Metaspace       used 55772K, capacity 57091K, committed 57392K, reserved 1099776K
  class space    used 7268K, capacity 7724K, committed 7808K, reserved 1048576K
}
Event: 2.341 GC heap after
{Heap after GC invocations=22 (full 0):
 garbage-first heap   total 81920K, used 24847K [0x0000000740000000, 0x00000007c0000000)
  region size 1024K, 4 young (4096K), 4 survivors (4096K)
 Metaspace       used 55772K, capacity 57091K, committed 57392K, reserved 1099776K
  class space    used 7268K, capacity 7724K, committed 7808K, reserved 1048576K
}
Event: 2.480 GC heap before
{Heap before GC invocations=22 (full 0):
 garbage-first heap   total 81920K, used 59663K [0x0000000740000000, 0x00000007c0000000)
  region size 1024K, 38 young (38912K), 4 survivors (4096K)
 Metaspace       used 57755K, capacity 59106K, committed 59440K, reserved 1101824K
  class space    used 7519K, capacity 7984K, committed 8064K, reserved 1048576K
}
Event: 2.483 GC heap after
{Heap after GC invocations=23 (full 0):
 garbage-first heap   total 100352K, used 26957K [0x0000000740000000, 0x00000007c0000000)
  region size 1024K, 5 young (5120K), 5 survivors (5120K)
 Metaspace       used 57755K, capacity 59106K, committed 59440K, reserved 1101824K
  class space    used 7519K, capacity 7984K, committed 8064K, reserved 1048576K
}
Event: 17.611 GC heap before
{Heap before GC invocations=23 (full 0):
 garbage-first heap   total 100352K, used 44365K [0x0000000740000000, 0x00000007c0000000)
  region size 1024K, 23 young (23552K), 5 survivors (5120K)
 Metaspace       used 58781K, capacity 60137K, committed 60240K, reserved 1101824K
  class space    used 7659K, capacity 8152K, committed 8192K, reserved 1048576K
}
Event: 17.619 GC heap after
{Heap after GC invocations=24 (full 0):
 garbage-first heap   total 100352K, used 27419K [0x0000000740000000, 0x00000007c0000000)
  region size 1024K, 3 young (3072K), 3 survivors (3072K)
 Metaspace       used 58781K, capacity 60137K, committed 60240K, reserved 1101824K
  class space    used 7659K, capacity 8152K, committed 8192K, reserved 1048576K
}

